('Hits for ', '20090101', ' =  ', 293)
('Articles Collected = ', 293)
('Hits for ', '20090102', ' =  ', 312)
('Articles Collected = ', 605)
('Hits for ', '20090103', ' =  ', 198)
('Articles Collected = ', 803)
('Hits for ', '20090104', ' =  ', 512)
('Articles Collected = ', 1315)
('Hits for ', '20090105', ' =  ', 335)
('Articles Collected = ', 1650)
('Hits for ', '20090106', ' =  ', 440)
('Articles Collected = ', 2090)
('Hits for ', '20090107', ' =  ', 519)
('Articles Collected = ', 2609)
('Hits for ', '20090108', ' =  ', 471)
('Articles Collected = ', 3080)
('Hits for ', '20090109', ' =  ', 502)
('Articles Collected = ', 3582)
('Hits for ', '20090110', ' =  ', 234)
('Articles Collected = ', 3816)
('Hits for ', '20090111', ' =  ', 607)
('Articles Collected = ', 4423)
('Hits for ', '20090112', ' =  ', 377)
('Articles Collected = ', 4800)
('Hits for ', '20090113', ' =  ', 486)
('Articles Collected = ', 5286)
('Hits for ', '20090114', ' =  ', 476)
('Articles Collected = ', 5762)
('Hits for ', '20090115', ' =  ', 472)
('Articles Collected = ', 6234)
('Hits for ', '20090116', ' =  ', 521)
('Articles Collected = ', 6755)
('Hits for ', '20090117', ' =  ', 292)
('Articles Collected = ', 7047)
('Hits for ', '20090118', ' =  ', 582)
('Articles Collected = ', 7629)
('Hits for ', '20090119', ' =  ', 327)
('Articles Collected = ', 7956)
('Hits for ', '20090120', ' =  ', 446)
('Articles Collected = ', 8402)
('Hits for ', '20090121', ' =  ', 450)
('Articles Collected = ', 8852)
('Hits for ', '20090122', ' =  ', 468)
('Articles Collected = ', 9320)
('Hits for ', '20090123', ' =  ', 509)
('Articles Collected = ', 9829)
('Hits for ', '20090124', ' =  ', 222)
('Articles Collected = ', 10051)
('Hits for ', '20090125', ' =  ', 553)
('Articles Collected = ', 10604)
('Hits for ', '20090126', ' =  ', 408)
('Articles Collected = ', 11012)
('Hits for ', '20090127', ' =  ', 490)
('Articles Collected = ', 11502)
('Hits for ', '20090128', ' =  ', 509)
('Articles Collected = ', 12011)
('Hits for ', '20090129', ' =  ', 490)
('Articles Collected = ', 12501)
('Hits for ', '20090130', ' =  ', 529)
('Articles Collected = ', 13030)
('Hits for ', '20090131', ' =  ', 256)
('Articles Collected = ', 13286)
('Hits for ', '20090201', ' =  ', 556)
('Articles Collected = ', 13842)
('Hits for ', '20090202', ' =  ', 406)
('Articles Collected = ', 14248)
('Hits for ', '20090203', ' =  ', 493)
('Articles Collected = ', 14741)
('Hits for ', '20090204', ' =  ', 525)
('Articles Collected = ', 15266)
('Hits for ', '20090205', ' =  ', 466)
('Articles Collected = ', 15732)
('Hits for ', '20090206', ' =  ', 506)
('Articles Collected = ', 16238)
('Hits for ', '20090207', ' =  ', 260)
('Articles Collected = ', 16498)
('Hits for ', '20090208', ' =  ', 533)
('Articles Collected = ', 17031)
('Hits for ', '20090209', ' =  ', 404)
('Articles Collected = ', 17435)
('Hits for ', '20090210', ' =  ', 480)
('Articles Collected = ', 17915)
('Hits for ', '20090211', ' =  ', 478)
('Articles Collected = ', 18393)
('Hits for ', '20090212', ' =  ', 475)
('Articles Collected = ', 18868)
('Hits for ', '20090213', ' =  ', 505)
('Articles Collected = ', 19373)
('Hits for ', '20090214', ' =  ', 246)
('Articles Collected = ', 19619)
('Hits for ', '20090215', ' =  ', 569)
('Articles Collected = ', 20188)
('Hits for ', '20090216', ' =  ', 296)
('Articles Collected = ', 20484)
('Hits for ', '20090217', ' =  ', 444)
('Articles Collected = ', 20928)
('Hits for ', '20090218', ' =  ', 536)
('Articles Collected = ', 21464)
('Hits for ', '20090219', ' =  ', 505)
('Articles Collected = ', 21969)
('Hits for ', '20090220', ' =  ', 549)
('Articles Collected = ', 22518)
('Hits for ', '20090221', ' =  ', 250)
('Articles Collected = ', 22768)
('Hits for ', '20090222', ' =  ', 681)
('Articles Collected = ', 23449)
('Hits for ', '20090223', ' =  ', 429)
('Articles Collected = ', 23878)
('Hits for ', '20090224', ' =  ', 461)
('Articles Collected = ', 24339)
('Hits for ', '20090225', ' =  ', 473)
('Articles Collected = ', 24812)
('Hits for ', '20090226', ' =  ', 507)
('Articles Collected = ', 25319)
('Hits for ', '20090227', ' =  ', 538)
('Articles Collected = ', 25857)
('Hits for ', '20090228', ' =  ', 264)
('Articles Collected = ', 26121)
('Hits for ', '20090301', ' =  ', 560)
('Articles Collected = ', 26681)
('Hits for ', '20090302', ' =  ', 414)
('Articles Collected = ', 27095)
('Hits for ', '20090303', ' =  ', 501)
('Articles Collected = ', 27596)
('Hits for ', '20090304', ' =  ', 499)
Traceback (most recent call last):
  File "nyt_article_searcher.py", line 79, in <module>
    crawl_nyt()
  File "nyt_article_searcher.py", line 59, in crawl_nyt
    entry['headline'] = doc['headline']['main']
KeyError: 'main'
